DataExchangerApp/Android/GTDataExchanger/dataExchanger/build/outputs/mapping/release/mapping.txt
com.gttronics.ble.dataexchanger.AboutActivity -> com.gttronics.ble.dataexchanger.AboutActivity:
    android.widget.LinearLayout gtOnline -> a
    android.widget.LinearLayout makerspot -> b
    android.widget.TextView contact -> c
    void onCreate(android.os.Bundle) -> onCreate
    void initViews() -> a
    void <init>() -> <init>
com.gttronics.ble.dataexchanger.AboutActivity$initViews$1 -> com.gttronics.ble.dataexchanger.AboutActivity$a:
    com.gttronics.ble.dataexchanger.AboutActivity this$0 -> a
    void onClick(android.view.View) -> onClick
    void <init>(com.gttronics.ble.dataexchanger.AboutActivity) -> <init>
com.gttronics.ble.dataexchanger.AboutActivity$initViews$2 -> com.gttronics.ble.dataexchanger.AboutActivity$b:
    com.gttronics.ble.dataexchanger.AboutActivity this$0 -> a
    void onClick(android.view.View) -> onClick
    void <init>(com.gttronics.ble.dataexchanger.AboutActivity) -> <init>
com.gttronics.ble.dataexchanger.AboutActivity$initViews$3 -> com.gttronics.ble.dataexchanger.AboutActivity$c:
    com.gttronics.ble.dataexchanger.AboutActivity this$0 -> a
    void onClick(android.view.View) -> onClick
    void <init>(com.gttronics.ble.dataexchanger.AboutActivity) -> <init>
com.gttronics.ble.dataexchanger.MainActivity -> com.gttronics.ble.dataexchanger.MainActivity:
    android.view.View dataChannelBtn -> a
    android.view.View commandChannelBtn -> b
    android.view.View infoBtn -> c
    int currentChannel -> d
    void <init>() -> <init>
    void onCreate(android.os.Bundle) -> onCreate
    void switchFragment(fragments.DxAppFragment) -> a
    void onDestroy() -> onDestroy
    boolean onCreateOptionsMenu(android.view.Menu) -> onCreateOptionsMenu
    boolean onOptionsItemSelected(android.view.MenuItem) -> onOptionsItemSelected
com.gttronics.ble.dataexchanger.MainActivity$1 -> com.gttronics.ble.dataexchanger.MainActivity$1:
    com.gttronics.ble.dataexchanger.MainActivity this$0 -> a
    void <init>(com.gttronics.ble.dataexchanger.MainActivity) -> <init>
    void onClick(android.view.View) -> onClick
com.gttronics.ble.dataexchanger.MainActivity$2 -> com.gttronics.ble.dataexchanger.MainActivity$2:
    com.gttronics.ble.dataexchanger.MainActivity this$0 -> a
    void <init>(com.gttronics.ble.dataexchanger.MainActivity) -> <init>
    void onClick(android.view.View) -> onClick
com.gttronics.ble.dataexchanger.MainActivity$3 -> com.gttronics.ble.dataexchanger.MainActivity$3:
    com.gttronics.ble.dataexchanger.MainActivity this$0 -> a
    void <init>(com.gttronics.ble.dataexchanger.MainActivity) -> <init>
    void onClick(android.view.View) -> onClick
com.gttronics.ble.dataexchanger.PreferenceActivity -> com.gttronics.ble.dataexchanger.PreferenceActivity:
    android.content.SharedPreferences sharedPref -> a
    boolean command -> b
    boolean data -> c
    boolean scrambler -> d
    java.lang.String customURL -> e
    java.lang.String primeURL -> f
    java.lang.String primeName -> g
    android.widget.Button commandBt -> h
    android.widget.Button dataBt -> i
    android.widget.Button scramblerBt -> j
    android.widget.EditText customURLEt -> k
    android.widget.EditText primeURLEt -> l
    android.widget.EditText primeNameEt -> m
    android.content.SharedPreferences getSharedPref() -> a
    boolean getCommand() -> b
    void setCommand(boolean) -> a
    boolean getData() -> c
    void setData(boolean) -> b
    boolean getScrambler() -> d
    void setScrambler(boolean) -> c
    android.widget.Button getCommandBt() -> e
    android.widget.Button getDataBt() -> f
    android.widget.Button getScramblerBt() -> g
    void onCreate(android.os.Bundle) -> onCreate
    java.lang.String onOrOff(boolean) -> d
    void onBackPressed() -> onBackPressed
    void onDestroy() -> onDestroy
    void <init>() -> <init>
...
android.support.v7.widget.SearchView$12 -> android.support.v7.widget.SearchView$4:
    android.support.v7.widget.SearchView this$0 -> a
    void <init>(android.support.v7.widget.SearchView) -> <init>
    void beforeTextChanged(java.lang.CharSequence,int,int,int) -> beforeTextChanged
    void onTextChanged(java.lang.CharSequence,int,int,int) -> onTextChanged
    void afterTextChanged(android.text.Editable) -> afterTextChanged
android.support.v7.widget.SearchView$2 -> android.support.v7.widget.SearchView$5:
    android.support.v7.widget.SearchView this$0 -> a
    void <init>(android.support.v7.widget.SearchView) -> <init>
    void run() -> run
android.support.v7.widget.SearchView$3 -> android.support.v7.widget.SearchView$6:
    android.support.v7.widget.SearchView this$0 -> a
    void <init>(android.support.v7.widget.SearchView) -> <init>
    void run() -> run
android.support.v7.widget.SearchView$4 -> android.support.v7.widget.SearchView$7:
    android.support.v7.widget.SearchView this$0 -> a
    void <init>(android.support.v7.widget.SearchView) -> <init>
    void onFocusChange(android.view.View,boolean) -> onFocusChange
android.support.v7.widget.SearchView$5 -> android.support.v7.widget.SearchView$8:
    android.support.v7.widget.SearchView this$0 -> a
    void <init>(android.support.v7.widget.SearchView) -> <init>
    void onLayoutChange(android.view.View,int,int,int,int,int,int,int,int) -> onLayoutChange
android.support.v7.widget.SearchView$6 -> android.support.v7.widget.SearchView$9:
    android.support.v7.widget.SearchView this$0 -> a
    void <init>(android.support.v7.widget.SearchView) -> <init>
    void onGlobalLayout() -> onGlobalLayout
android.support.v7.widget.SearchView$7 -> android.support.v7.widget.SearchView$10:
    android.support.v7.widget.SearchView this$0 -> a
    void <init>(android.support.v7.widget.SearchView) -> <init>
    void onClick(android.view.View) -> onClick
android.support.v7.widget.SearchView$8 -> android.support.v7.widget.SearchView$11:
    android.support.v7.widget.SearchView this$0 -> a
    void <init>(android.support.v7.widget.SearchView) -> <init>
    boolean onKey(android.view.View,int,android.view.KeyEvent) -> onKey
android.support.v7.widget.SearchView$9 -> android.support.v7.widget.SearchView$12:
    android.support.v7.widget.SearchView this$0 -> a
    void <init>(android.support.v7.widget.SearchView) -> <init>
    boolean onEditorAction(android.widget.TextView,int,android.view.KeyEvent) -> onEditorAction
android.support.v7.widget.SearchView$AutoCompleteTextViewReflector -> android.support.v7.widget.SearchView$a:
    java.lang.reflect.Method doBeforeTextChanged -> a
    java.lang.reflect.Method doAfterTextChanged -> b
    java.lang.reflect.Method ensureImeVisible -> c
    java.lang.reflect.Method showSoftInputUnchecked -> d
    void <init>() -> <init>
    void doBeforeTextChanged(android.widget.AutoCompleteTextView) -> a
    void doAfterTextChanged(android.widget.AutoCompleteTextView) -> b
    void ensureImeVisible(android.widget.AutoCompleteTextView,boolean) -> a
    void showSoftInputUnchecked(android.view.inputmethod.InputMethodManager,android.view.View,int) -> a
android.support.v7.widget.SearchView$OnCloseListener -> android.support.v7.widget.SearchView$b:
    boolean onClose() -> a
android.support.v7.widget.SearchView$OnQueryTextListener -> android.support.v7.widget.SearchView$c:
    boolean onQueryTextSubmit(java.lang.String) -> a
    boolean onQueryTextChange(java.lang.String) -> b
android.support.v7.widget.SearchView$OnSuggestionListener -> android.support.v7.widget.SearchView$d:
    boolean onSuggestionSelect(int) -> a
    boolean onSuggestionClick(int) -> b